<?xml version="1.0" encoding="UTF-8"?>
<testsuite xmlns:xsi="http://www.w3.org/2001/XMLSchema-instance" xsi:schemaLocation="https://maven.apache.org/surefire/maven-surefire-plugin/xsd/surefire-test-report.xsd" name="TestSuite" time="46.056" tests="3" errors="0" skipped="2" failures="1">
  <properties>
[...]
</properties>
  <testcase name="setupDriver" classname="com.tirebuyer.tests.CheckoutTest" time="39.319">
    <failure message="Error communicating with the remote browser. It may have died.&#10;Build info: version: &apos;2.53.1&apos;, revision: &apos;a36b8b1cd5757287168e54b817830adce9b0158d&apos;, time: &apos;2016-06-30 19:26:09&apos;&#10;System info: host: &apos;Divis&apos;, ip: &apos;192.168.1.5&apos;, os.name: &apos;Windows 8.1&apos;, os.arch: &apos;amd64&apos;, os.version: &apos;6.3&apos;, java.version: &apos;1.8.0_77&apos;&#10;Driver info: driver.version: RemoteWebDriver&#10;Capabilities [{applicationCacheEnabled=true, rotatable=false, handlesAlerts=true, databaseEnabled=true, version=47.0.1, platform=WINDOWS, nativeEvents=false, acceptSslCerts=true, webStorageEnabled=true, locationContextEnabled=true, browserName=firefox, takesScreenshot=true, javascriptEnabled=true, cssSelectorsEnabled=true}]&#10;Session ID: 26cd1a8d-0148-4faf-afc8-9eaff6838e80" type="org.openqa.selenium.remote.UnreachableBrowserException">org.openqa.selenium.remote.UnreachableBrowserException: 
Error communicating with the remote browser. It may have died.
Build info: version: '2.53.1', revision: 'a36b8b1cd5757287168e54b817830adce9b0158d', time: '2016-06-30 19:26:09'
System info: host: 'Divis', ip: '192.168.1.5', os.name: 'Windows 8.1', os.arch: 'amd64', os.version: '6.3', java.version: '1.8.0_77'
Driver info: driver.version: RemoteWebDriver
Capabilities [{applicationCacheEnabled=true, rotatable=false, handlesAlerts=true, databaseEnabled=true, version=47.0.1, platform=WINDOWS, nativeEvents=false, acceptSslCerts=true, webStorageEnabled=true, locationContextEnabled=true, browserName=firefox, takesScreenshot=true, javascriptEnabled=true, cssSelectorsEnabled=true}]
Session ID: 26cd1a8d-0148-4faf-afc8-9eaff6838e80
	at com.tirebuyer.tests.CheckoutTest.setupDriver(CheckoutTest.java:26)
Caused by: org.apache.http.conn.HttpHostConnectException: Connect to 127.0.0.1:7055 [/127.0.0.1] failed: Connection refused: connect
	at com.tirebuyer.tests.CheckoutTest.setupDriver(CheckoutTest.java:26)
Caused by: java.net.ConnectException: Connection refused: connect
	at com.tirebuyer.tests.CheckoutTest.setupDriver(CheckoutTest.java:26)
</failure>
  </testcase>
  <testcase name="checkOutTest" classname="com.tirebuyer.tests.CheckoutTest" time="0">
    <skipped/>
  </testcase>
  <testcase name="teardown" classname="com.tirebuyer.tests.CheckoutTest" time="0">
    <skipped/>
  </testcase>
</testsuite>